0 info it worked if it ends with ok
1 verbose cli [ 'node', '/usr/local/bin/npm', 'update', '-g', 'bower' ]
2 info using npm@1.4.28
3 info using node@v0.10.33
4 verbose request where is /bower
5 verbose request registry https://registry.npmjs.org/
6 verbose request id 2fae53ca3344da53
7 verbose url raw /bower
8 verbose url resolving [ 'https://registry.npmjs.org/', './bower' ]
9 verbose url resolved https://registry.npmjs.org/bower
10 verbose request where is https://registry.npmjs.org/bower
11 info trying registry request attempt 1 at 21:14:24
12 http GET https://registry.npmjs.org/bower
13 http 200 https://registry.npmjs.org/bower
14 silly registry.get cb [ 200,
14 silly registry.get   { server: 'CouchDB/1.5.0 (Erlang OTP/R16B03)',
14 silly registry.get     etag: '"9ES0991B3R46PWERVY9OBWIOY"',
14 silly registry.get     'content-type': 'application/json',
14 silly registry.get     'cache-control': 'max-age=60',
14 silly registry.get     'content-length': '112055',
14 silly registry.get     'accept-ranges': 'bytes',
14 silly registry.get     date: 'Wed, 20 May 2015 01:14:23 GMT',
14 silly registry.get     via: '1.1 varnish',
14 silly registry.get     age: '0',
14 silly registry.get     connection: 'keep-alive',
14 silly registry.get     'x-served-by': 'cache-jfk1024-JFK',
14 silly registry.get     'x-cache': 'HIT',
14 silly registry.get     'x-cache-hits': '1',
14 silly registry.get     'x-timer': 'S1432084463.082460,VS0,VE349',
14 silly registry.get     vary: 'Accept' } ]
15 info outdated updating [ [ '/usr/local/lib', 'bower', '1.3.12', '1.4.1', '1.4.1', 'latest' ] ]
16 verbose install where,what [ '/usr/local/lib', [ 'bower@1.4.1' ] ]
17 verbose cache add [ 'bower@1.4.1', null ]
18 verbose cache add name=undefined spec="bower@1.4.1" args=["bower@1.4.1",null]
19 verbose parsed url { protocol: null,
19 verbose parsed url   slashes: null,
19 verbose parsed url   auth: null,
19 verbose parsed url   host: null,
19 verbose parsed url   port: null,
19 verbose parsed url   hostname: null,
19 verbose parsed url   hash: null,
19 verbose parsed url   search: null,
19 verbose parsed url   query: null,
19 verbose parsed url   pathname: 'bower@1.4.1',
19 verbose parsed url   path: 'bower@1.4.1',
19 verbose parsed url   href: 'bower@1.4.1' }
20 verbose cache add name="bower" spec="1.4.1" args=["bower","1.4.1"]
21 verbose parsed url { protocol: null,
21 verbose parsed url   slashes: null,
21 verbose parsed url   auth: null,
21 verbose parsed url   host: null,
21 verbose parsed url   port: null,
21 verbose parsed url   hostname: null,
21 verbose parsed url   hash: null,
21 verbose parsed url   search: null,
21 verbose parsed url   query: null,
21 verbose parsed url   pathname: '1.4.1',
21 verbose parsed url   path: '1.4.1',
21 verbose parsed url   href: '1.4.1' }
22 verbose addNamed [ 'bower', '1.4.1' ]
23 verbose addNamed [ '1.4.1', '1.4.1' ]
24 silly lockFile 185f46c0-bower-1-4-1 bower@1.4.1
25 verbose lock bower@1.4.1 /Users/Bruno/.npm/185f46c0-bower-1-4-1.lock
26 verbose registry.get https://registry.npmjs.org/bower not expired, no request
27 silly lockFile 04dcb06b--npmjs-org-bower-bower-1-4-1-tgz https://registry.npmjs.org/bower/-/bower-1.4.1.tgz
28 verbose lock https://registry.npmjs.org/bower/-/bower-1.4.1.tgz /Users/Bruno/.npm/04dcb06b--npmjs-org-bower-bower-1-4-1-tgz.lock
29 verbose addRemoteTarball [ 'https://registry.npmjs.org/bower/-/bower-1.4.1.tgz',
29 verbose addRemoteTarball   'a18be39d030792754f30f1c5b32d37b0156ba8dd' ]
30 info retry fetch attempt 1 at 21:14:25
31 verbose fetch to= /var/folders/lp/299lvyd93nl5q2229r1w4c500000gn/T/npm-4913-iVnfqxEy/registry.npmjs.org/bower/-/bower-1.4.1.tgz
32 http GET https://registry.npmjs.org/bower/-/bower-1.4.1.tgz
33 http 200 https://registry.npmjs.org/bower/-/bower-1.4.1.tgz
34 silly lockFile 04dcb06b--npmjs-org-bower-bower-1-4-1-tgz https://registry.npmjs.org/bower/-/bower-1.4.1.tgz
35 silly lockFile 04dcb06b--npmjs-org-bower-bower-1-4-1-tgz https://registry.npmjs.org/bower/-/bower-1.4.1.tgz
36 silly lockFile 185f46c0-bower-1-4-1 bower@1.4.1
37 silly lockFile 185f46c0-bower-1-4-1 bower@1.4.1
38 error Error: EACCES, mkdir '/Users/Bruno/.npm/bower/1.4.1'
38 error  { [Error: EACCES, mkdir '/Users/Bruno/.npm/bower/1.4.1']
38 error   errno: 3,
38 error   code: 'EACCES',
38 error   path: '/Users/Bruno/.npm/bower/1.4.1' }
39 error Please try running this command again as root/Administrator.
40 error System Darwin 14.3.0
41 error command "node" "/usr/local/bin/npm" "update" "-g" "bower"
42 error cwd /Users/Bruno/repos/J-I-C
43 error node -v v0.10.33
44 error npm -v 1.4.28
45 error path /Users/Bruno/.npm/bower/1.4.1
46 error code EACCES
47 error errno 3
48 error stack Error: EACCES, mkdir '/Users/Bruno/.npm/bower/1.4.1'
49 verbose exit [ 3, true ]
